Using pre-set license
Built from '2020.3/release' branch; Version is '2020.3.7f1 (dd97f2c94397) revision 14522354'; Using compiler version '192528614'; Build Type 'Release'
OS: 'Windows 10 Pro; OS build 19042.1526; Version 2009; 64bit' Language: 'en' Physical Memory: 16313 MB
BatchMode: 1, IsHumanControllingUs: 0, StartBugReporterOnCrash: 0, Is64bit: 1, IsPro: 0

 COMMAND LINE ARGUMENTS:
C:\Program Files\Unity\Hub\Editor\2020.3.7f1\Editor\Unity.exe
-adb2
-batchMode
-noUpm
-name
AssetImportWorker0
-projectPath
C:/Users/Juuso/Downloads/IkuneLabs-Project/IkuneLabs-Project
-logFile
Logs/AssetImportWorker0.log
-srvPort
62693
Successfully changed project path to: C:/Users/Juuso/Downloads/IkuneLabs-Project/IkuneLabs-Project
C:/Users/Juuso/Downloads/IkuneLabs-Project/IkuneLabs-Project
Using Asset Import Pipeline V2.
Refreshing native plugins compatible for Editor in 46.89 ms, found 0 plugins.
Preloading 0 native plugins for Editor in 0.00 ms.
Initialize engine version: 2020.3.7f1 (dd97f2c94397)
[Subsystems] Discovering subsystems at path C:/Program Files/Unity/Hub/Editor/2020.3.7f1/Editor/Data/Resources/UnitySubsystems
[Subsystems] Discovering subsystems at path C:/Users/Juuso/Downloads/IkuneLabs-Project/IkuneLabs-Project/Assets
GfxDevice: creating device client; threaded=0
Direct3D:
    Version:  Direct3D 11.0 [level 11.1]
    Renderer: NVIDIA GeForce RTX 3060 (ID=0x2504)
    Vendor:   
    VRAM:     12142 MB
    Driver:   30.0.15.1123
Initialize mono
Mono path[0] = 'C:/Program Files/Unity/Hub/Editor/2020.3.7f1/Editor/Data/Managed'
Mono path[1] = 'C:/Program Files/Unity/Hub/Editor/2020.3.7f1/Editor/Data/MonoBleedingEdge/lib/mono/unityjit'
Mono config path = 'C:/Program Files/Unity/Hub/Editor/2020.3.7f1/Editor/Data/MonoBleedingEdge/etc'
Using monoOptions --debugger-agent=transport=dt_socket,embedding=1,server=y,suspend=n,address=127.0.0.1:56496
Begin MonoManager ReloadAssembly
Registering precompiled unity dll's ...
Register platform support module: C:/Program Files/Unity/Hub/Editor/2020.3.7f1/Editor/Data/PlaybackEngines/WindowsStandaloneSupport/UnityEditor.WindowsStandalone.Extensions.dll
Registered in 0.002534 seconds.
Native extension for WindowsStandalone target not found
Refreshing native plugins compatible for Editor in 35.47 ms, found 0 plugins.
Preloading 0 native plugins for Editor in 0.00 ms.
Mono: successfully reloaded assembly
- Completed reload, in  2.139 seconds
Platform modules already initialized, skipping
Registering precompiled user dll's ...
Registered in 0.001465 seconds.
Begin MonoManager ReloadAssembly
Native extension for WindowsStandalone target not found
Refreshing native plugins compatible for Editor in 0.35 ms, found 0 plugins.
Preloading 0 native plugins for Editor in 0.00 ms.
Mono: successfully reloaded assembly
- Completed reload, in  0.868 seconds
Platform modules already initialized, skipping
========================================================================
Worker process is ready to serve import requests
Launched and connected shader compiler UnityShaderCompiler.exe after 0.04 seconds
Refreshing native plugins compatible for Editor in 0.38 ms, found 0 plugins.
Preloading 0 native plugins for Editor in 0.00 ms.
Unloading 1774 Unused Serialized files (Serialized files now loaded: 0)
System memory in use before: 75.4 MB.
System memory in use after: 75.4 MB.

Unloading 26 unused Assets to reduce memory usage. Loaded Objects now: 2200.
Total: 1.859400 ms (FindLiveObjects: 0.188500 ms CreateObjectMapping: 0.043900 ms MarkObjects: 1.501500 ms  DeleteObjects: 0.124500 ms)

========================================================================
Received Import Request.
  path: Assets/ARDK/ArdkAuthConfig.asset
  artifactKey: Guid(b4872475299d41e4b98d845c17b8b310) Importer(815301076,1909f56bfc062723c751e8b465ee728b)
Start importing Assets/ARDK/ArdkAuthConfig.asset using Guid(b4872475299d41e4b98d845c17b8b310) Importer(815301076,1909f56bfc062723c751e8b465ee728b)  -> (artifact id: '5b4f766a6e624dfd4fda1ee5582238df') in 0.032120 seconds
  Import took 0.034703 seconds .

========================================================================
Received Import Request.
  Time since last request: 0.000225 seconds.
  path: Assets/ARDK/ARDK.asmdef
  artifactKey: Guid(f3cc28278c88a4b43ae1ec99ea44ed56) Importer(815301076,1909f56bfc062723c751e8b465ee728b)
Start importing Assets/ARDK/ARDK.asmdef using Guid(f3cc28278c88a4b43ae1ec99ea44ed56) Importer(815301076,1909f56bfc062723c751e8b465ee728b)  -> (artifact id: 'ba0f7c7c7fe8173067930b8ad448c933') in 0.010009 seconds
  Import took 0.012582 seconds .

========================================================================
Received Import Request.
  Time since last request: 3.846063 seconds.
  path: Assets/ARDK
  artifactKey: Guid(d1d8b692fcb9a4b3aaa54c59d88d8e86) Importer(815301076,1909f56bfc062723c751e8b465ee728b)
Start importing Assets/ARDK using Guid(d1d8b692fcb9a4b3aaa54c59d88d8e86) Importer(815301076,1909f56bfc062723c751e8b465ee728b)  -> (artifact id: '21860290abc29c77ac741121799aaf75') in 0.002403 seconds
  Import took 0.004889 seconds .

========================================================================
Received Import Request.
  Time since last request: 0.011074 seconds.
  path: Assets/ARDK
  artifactKey: Guid(d1d8b692fcb9a4b3aaa54c59d88d8e86) Importer(815301076,1909f56bfc062723c751e8b465ee728b)
Start importing Assets/ARDK using Guid(d1d8b692fcb9a4b3aaa54c59d88d8e86) Importer(815301076,1909f56bfc062723c751e8b465ee728b)  -> (artifact id: '21860290abc29c77ac741121799aaf75') in 0.002473 seconds
  Import took 0.005087 seconds .

========================================================================
Received Import Request.
  Time since last request: 0.532462 seconds.
  path: Assets/Scenes
  artifactKey: Guid(43b45daa1d177aa4097bd78c189e2fb2) Importer(815301076,1909f56bfc062723c751e8b465ee728b)
Start importing Assets/Scenes using Guid(43b45daa1d177aa4097bd78c189e2fb2) Importer(815301076,1909f56bfc062723c751e8b465ee728b)  -> (artifact id: 'ad234e3c23208d19fb167afb670ac17d') in 0.006043 seconds
  Import took 0.008801 seconds .

========================================================================
Received Import Request.
  Time since last request: 0.000350 seconds.
  path: Assets/Scenes
  artifactKey: Guid(43b45daa1d177aa4097bd78c189e2fb2) Importer(815301076,1909f56bfc062723c751e8b465ee728b)
Start importing Assets/Scenes using Guid(43b45daa1d177aa4097bd78c189e2fb2) Importer(815301076,1909f56bfc062723c751e8b465ee728b)  -> (artifact id: 'ad234e3c23208d19fb167afb670ac17d') in 0.002718 seconds
  Import took 0.005496 seconds .

========================================================================
Received Prepare
Registering precompiled user dll's ...
Registered in 0.001604 seconds.
Begin MonoManager ReloadAssembly
Native extension for WindowsStandalone target not found
Refreshing native plugins compatible for Editor in 0.37 ms, found 0 plugins.
Preloading 0 native plugins for Editor in 0.00 ms.
Mono: successfully reloaded assembly
- Completed reload, in  0.851 seconds
Platform modules already initialized, skipping
Switching build target platform(5) subTarget(0) extendedPlatform(0) -> platform(13) subTarget(537395200) extendedPlatform(0)
Refreshing native plugins compatible for Editor in 0.36 ms, found 0 plugins.
Preloading 0 native plugins for Editor in 0.00 ms.
Unloading 1761 Unused Serialized files (Serialized files now loaded: 0)
System memory in use before: 74.1 MB.
System memory in use after: 74.1 MB.

Unloading 21 unused Assets to reduce memory usage. Loaded Objects now: 2203.
Total: 1.649600 ms (FindLiveObjects: 0.177700 ms CreateObjectMapping: 0.039900 ms MarkObjects: 1.329800 ms  DeleteObjects: 0.101400 ms)

AssetImportParameters requested are different than current active one (requested -> active):
  custom:graphics/normal-map-encoding: 01000000000000000000000000000000 -> 02000000000000000000000000000000
========================================================================
Received Prepare
Refreshing native plugins compatible for Editor in 4.94 ms, found 0 plugins.
Preloading 0 native plugins for Editor in 0.00 ms.
Unloading 19 Unused Serialized files (Serialized files now loaded: 0)
System memory in use before: 39.7 MB.
System memory in use after: 39.7 MB.

Unloading 19 unused Assets to reduce memory usage. Loaded Objects now: 2203.
Total: 1.920800 ms (FindLiveObjects: 0.196100 ms CreateObjectMapping: 0.042800 ms MarkObjects: 1.565400 ms  DeleteObjects: 0.114700 ms)

========================================================================
Received Prepare
Registering precompiled user dll's ...
Registered in 0.001423 seconds.
Begin MonoManager ReloadAssembly
Native extension for WindowsStandalone target not found
Refreshing native plugins compatible for Editor in 0.39 ms, found 0 plugins.
Preloading 0 native plugins for Editor in 0.00 ms.
Mono: successfully reloaded assembly
- Completed reload, in  0.874 seconds
Platform modules already initialized, skipping
Switching build target platform(5) subTarget(0) extendedPlatform(0) -> platform(13) subTarget(537395200) extendedPlatform(0)
Refreshing native plugins compatible for Editor in 0.42 ms, found 0 plugins.
Preloading 0 native plugins for Editor in 0.00 ms.
Unloading 1838 Unused Serialized files (Serialized files now loaded: 0)
System memory in use before: 77.6 MB.
System memory in use after: 77.6 MB.

Unloading 21 unused Assets to reduce memory usage. Loaded Objects now: 2284.
Total: 2.126000 ms (FindLiveObjects: 0.283800 ms CreateObjectMapping: 0.054300 ms MarkObjects: 1.687800 ms  DeleteObjects: 0.098900 ms)

AssetImportParameters requested are different than current active one (requested -> active):
  custom:graphics/normal-map-encoding: 01000000000000000000000000000000 -> 02000000000000000000000000000000
========================================================================
Received Prepare
Switching build target platform(13) subTarget(537395200) extendedPlatform(0) -> platform(13) subTarget(524288) extendedPlatform(0)
Refreshing native plugins compatible for Editor in 5.07 ms, found 0 plugins.
Preloading 0 native plugins for Editor in 0.00 ms.
Unloading 19 Unused Serialized files (Serialized files now loaded: 0)
System memory in use before: 41.7 MB.
System memory in use after: 41.7 MB.

Unloading 19 unused Assets to reduce memory usage. Loaded Objects now: 2284.
Total: 1.882500 ms (FindLiveObjects: 0.188300 ms CreateObjectMapping: 0.041200 ms MarkObjects: 1.552000 ms  DeleteObjects: 0.099700 ms)

AssetImportParameters requested are different than current active one (requested -> active):
  buildTarget: platform 13, subtarget 524288, extendedPlatform 0 -> platform 13, subtarget 537395200, extendedPlatform 0
  graphicsApiMask: 2048 -> 2099200
========================================================================
Received Prepare
Switching build target platform(13) subTarget(537395200) extendedPlatform(0) -> platform(13) subTarget(589824) extendedPlatform(0)
Refreshing native plugins compatible for Editor in 4.47 ms, found 0 plugins.
Preloading 0 native plugins for Editor in 0.00 ms.
Unloading 19 Unused Serialized files (Serialized files now loaded: 0)
System memory in use before: 41.7 MB.
System memory in use after: 41.7 MB.

Unloading 19 unused Assets to reduce memory usage. Loaded Objects now: 2284.
Total: 1.806700 ms (FindLiveObjects: 0.197200 ms CreateObjectMapping: 0.042300 ms MarkObjects: 1.462500 ms  DeleteObjects: 0.103500 ms)

AssetImportParameters requested are different than current active one (requested -> active):
  buildTarget: platform 13, subtarget 589824, extendedPlatform 0 -> platform 13, subtarget 537395200, extendedPlatform 0
  graphicsApiMask: 2304 -> 2099200
========================================================================
Received Import Request.
  Time since last request: 312.945535 seconds.
  path: Assets/XR
  artifactKey: Guid(9802c0d45a61cd445829dd60664fed74) Importer(815301076,1909f56bfc062723c751e8b465ee728b)
Start importing Assets/XR using Guid(9802c0d45a61cd445829dd60664fed74) Importer(815301076,1909f56bfc062723c751e8b465ee728b)  -> (artifact id: 'd593095ab863dc402f623b78a5cc6193') in 0.008631 seconds
  Import took 0.011623 seconds .

========================================================================
Received Import Request.
  Time since last request: 0.055273 seconds.
  path: Assets/XR/XRGeneralSettings.asset
  artifactKey: Guid(edab7f9f6dc1bc2448fe0fdb264c6c05) Importer(815301076,1909f56bfc062723c751e8b465ee728b)
Start importing Assets/XR/XRGeneralSettings.asset using Guid(edab7f9f6dc1bc2448fe0fdb264c6c05) Importer(815301076,1909f56bfc062723c751e8b465ee728b)  -> (artifact id: '30b49e8e2f8996aa862ee56e3e4320e6') in 0.019660 seconds
  Import took 0.022618 seconds .

========================================================================
Received Prepare
Registering precompiled user dll's ...
Registered in 0.001427 seconds.
Begin MonoManager ReloadAssembly
Native extension for WindowsStandalone target not found
Refreshing native plugins compatible for Editor in 0.38 ms, found 0 plugins.
Preloading 0 native plugins for Editor in 0.00 ms.
Mono: successfully reloaded assembly
- Completed reload, in  0.839 seconds
Platform modules already initialized, skipping
Switching build target platform(5) subTarget(0) extendedPlatform(0) -> platform(13) subTarget(589824) extendedPlatform(0)
Refreshing native plugins compatible for Editor in 0.39 ms, found 0 plugins.
Preloading 0 native plugins for Editor in 0.00 ms.
Unloading 1838 Unused Serialized files (Serialized files now loaded: 0)
System memory in use before: 77.5 MB.
System memory in use after: 77.5 MB.

Unloading 22 unused Assets to reduce memory usage. Loaded Objects now: 2288.
Total: 1.755100 ms (FindLiveObjects: 0.182600 ms CreateObjectMapping: 0.042700 ms MarkObjects: 1.435100 ms  DeleteObjects: 0.093300 ms)

AssetImportParameters requested are different than current active one (requested -> active):
  buildTarget: platform 13, subtarget 589824, extendedPlatform 0 -> platform 13, subtarget 537395200, extendedPlatform 0
  graphicsApiMask: 2304 -> 2099200
  custom:graphics/normal-map-encoding: 01000000000000000000000000000000 -> 02000000000000000000000000000000
========================================================================
Received Import Request.
  Time since last request: 42.184688 seconds.
  path: Assets/Scenes/CampusScene.unity
  artifactKey: Guid(fbfe4c98bed35a146a2074b817314bbe) Importer(815301076,1909f56bfc062723c751e8b465ee728b)
Start importing Assets/Scenes/CampusScene.unity using Guid(fbfe4c98bed35a146a2074b817314bbe) Importer(815301076,1909f56bfc062723c751e8b465ee728b)  -> (artifact id: 'e8effcb7b6737e20ef7367d203b6cd93') in 0.015150 seconds
  Import took 0.017757 seconds .

========================================================================
Received Import Request.
  Time since last request: 64.380639 seconds.
  path: Assets
  artifactKey: Guid(00000000000000001000000000000000) Importer(815301076,1909f56bfc062723c751e8b465ee728b)
Start importing Assets using Guid(00000000000000001000000000000000) Importer(815301076,1909f56bfc062723c751e8b465ee728b)  -> (artifact id: '5f6a1853b736837ecfb0820a881449cb') in 0.006514 seconds
  Import took 0.009476 seconds .

========================================================================
Received Import Request.
  Time since last request: 34.178472 seconds.
  path: Assets/Graphics
  artifactKey: Guid(d7aa521a3c33e85438ca76a8647b8dd4) Importer(815301076,1909f56bfc062723c751e8b465ee728b)
Start importing Assets/Graphics using Guid(d7aa521a3c33e85438ca76a8647b8dd4) Importer(815301076,1909f56bfc062723c751e8b465ee728b)  -> (artifact id: '73e2334bdd1413bd370e89125ee709f5') in 0.006434 seconds
  Import took 0.009272 seconds .

========================================================================
Received Import Request.
  Time since last request: 0.000714 seconds.
  path: Assets/Graphics
  artifactKey: Guid(d7aa521a3c33e85438ca76a8647b8dd4) Importer(815301076,1909f56bfc062723c751e8b465ee728b)
Start importing Assets/Graphics using Guid(d7aa521a3c33e85438ca76a8647b8dd4) Importer(815301076,1909f56bfc062723c751e8b465ee728b)  -> (artifact id: '73e2334bdd1413bd370e89125ee709f5') in 0.002872 seconds
  Import took 0.005338 seconds .

========================================================================
Received Import Request.
  Time since last request: 17.355658 seconds.
  path: Assets/Graphics/campus_v2.fbx
  artifactKey: Guid(83199edaffe4c23408360c3db91f45b3) Importer(815301076,1909f56bfc062723c751e8b465ee728b)
Start importing Assets/Graphics/campus_v2.fbx using Guid(83199edaffe4c23408360c3db91f45b3) Importer(815301076,1909f56bfc062723c751e8b465ee728b)  -> (artifact id: '110d5cd9f3a4e605a20399ef66d7ab7c') in 0.315190 seconds
  Import took 0.318211 seconds .

========================================================================
Received Import Request.
  Time since last request: 4.983004 seconds.
  path: Assets/Graphics/Campus.fbx
  artifactKey: Guid(83199edaffe4c23408360c3db91f45b3) Importer(815301076,1909f56bfc062723c751e8b465ee728b)
Start importing Assets/Graphics/Campus.fbx using Guid(83199edaffe4c23408360c3db91f45b3) Importer(815301076,1909f56bfc062723c751e8b465ee728b)  -> (artifact id: '335528a1c69f50486201512373e13aa1') in 0.062522 seconds
  Import took 0.065445 seconds .

========================================================================
Received Import Request.
  Time since last request: 90.682637 seconds.
  path: Assets/Graphics/overlay.png
  artifactKey: Guid(155b884235feccf4cb5a0c5828606b91) Importer(815301076,1909f56bfc062723c751e8b465ee728b)
Start importing Assets/Graphics/overlay.png using Guid(155b884235feccf4cb5a0c5828606b91) Importer(815301076,1909f56bfc062723c751e8b465ee728b)  -> (artifact id: '51d85e7abf2cb0882be8aef038e595ee') in 0.094903 seconds
  Import took 0.097839 seconds .

========================================================================
Received Import Request.
  Time since last request: 36.224632 seconds.
  path: Assets/ARDK/Extensions/Meshing/Materials/MeshInvisible.mat
  artifactKey: Guid(4d00d51d9ad64916abef2551d151e0ab) Importer(815301076,1909f56bfc062723c751e8b465ee728b)
Start importing Assets/ARDK/Extensions/Meshing/Materials/MeshInvisible.mat using Guid(4d00d51d9ad64916abef2551d151e0ab) Importer(815301076,1909f56bfc062723c751e8b465ee728b)  -> (artifact id: '75e646dc67d288e0585cbb4f740cd028') in 0.049239 seconds
  Import took 0.052904 seconds .

========================================================================
Received Import Request.
  Time since last request: 0.000209 seconds.
  path: Assets/ARDK/Extensions/Meshing/Materials/MeshNormalFresnel.mat
  artifactKey: Guid(79e0fa18992a46989f2d95ff733901ad) Importer(815301076,1909f56bfc062723c751e8b465ee728b)
Start importing Assets/ARDK/Extensions/Meshing/Materials/MeshNormalFresnel.mat using Guid(79e0fa18992a46989f2d95ff733901ad) Importer(815301076,1909f56bfc062723c751e8b465ee728b)  -> (artifact id: 'b1834a1d958f8cd8776529c6d5899352') in 0.046540 seconds
  Import took 0.049670 seconds .

========================================================================
Received Import Request.
  Time since last request: 0.000195 seconds.
  path: Assets/ARDK/Extensions/Planefinding/PlanefindingGrid.mat
  artifactKey: Guid(086d9a479bba14014af77a02085e3e0d) Importer(815301076,1909f56bfc062723c751e8b465ee728b)
Start importing Assets/ARDK/Extensions/Planefinding/PlanefindingGrid.mat using Guid(086d9a479bba14014af77a02085e3e0d) Importer(815301076,1909f56bfc062723c751e8b465ee728b)  -> (artifact id: '5cca6aa88bf42046f2378ecafb63c7ce') in 0.018498 seconds
  Import took 0.021422 seconds .

========================================================================
Received Import Request.
  Time since last request: 0.000187 seconds.
  path: Assets/ARDK/Extensions/Meshing/Materials/MeshNormal.mat
  artifactKey: Guid(0dc9556565924f28a1efd29f71a5142a) Importer(815301076,1909f56bfc062723c751e8b465ee728b)
Start importing Assets/ARDK/Extensions/Meshing/Materials/MeshNormal.mat using Guid(0dc9556565924f28a1efd29f71a5142a) Importer(815301076,1909f56bfc062723c751e8b465ee728b)  -> (artifact id: '57128b4d1fad77d20b8384d2448d724f') in 0.069658 seconds
  Import took 0.072180 seconds .

========================================================================
Received Import Request.
  Time since last request: 0.000218 seconds.
  path: Assets/ARDK/Extensions/Depth/PointCloudPoint.mat
  artifactKey: Guid(72dda424c7c5543999e8ad17956aa21b) Importer(815301076,1909f56bfc062723c751e8b465ee728b)
Start importing Assets/ARDK/Extensions/Depth/PointCloudPoint.mat using Guid(72dda424c7c5543999e8ad17956aa21b) Importer(815301076,1909f56bfc062723c751e8b465ee728b)  -> (artifact id: '93f130f8d78aeb9ebc2036b4a9856d0d') in 0.155638 seconds
  Import took 0.158501 seconds .

========================================================================
Received Import Request.
  Time since last request: 0.000159 seconds.
  path: Assets/ARDK/Extensions/Meshing/Materials/MeshNormal.mat
  artifactKey: Guid(0dc9556565924f28a1efd29f71a5142a) Importer(815301076,1909f56bfc062723c751e8b465ee728b)
Start importing Assets/ARDK/Extensions/Meshing/Materials/MeshNormal.mat using Guid(0dc9556565924f28a1efd29f71a5142a) Importer(815301076,1909f56bfc062723c751e8b465ee728b)  -> (artifact id: '57128b4d1fad77d20b8384d2448d724f') in 0.008307 seconds
  Import took 0.010993 seconds .

========================================================================
Received Import Request.
  Time since last request: 0.000261 seconds.
  path: Assets/ARDK/Extensions/Depth/PointCloudPoint.mat
  artifactKey: Guid(72dda424c7c5543999e8ad17956aa21b) Importer(815301076,1909f56bfc062723c751e8b465ee728b)
Start importing Assets/ARDK/Extensions/Depth/PointCloudPoint.mat using Guid(72dda424c7c5543999e8ad17956aa21b) Importer(815301076,1909f56bfc062723c751e8b465ee728b)  -> (artifact id: '93f130f8d78aeb9ebc2036b4a9856d0d') in 0.014450 seconds
  Import took 0.017545 seconds .

========================================================================
Received Import Request.
  Time since last request: 0.000199 seconds.
  path: Assets/ARDK/Rendering/SRP/SemanticsMat.mat
  artifactKey: Guid(b218845e158f048c78cb09bc2c407366) Importer(815301076,1909f56bfc062723c751e8b465ee728b)
Start importing Assets/ARDK/Rendering/SRP/SemanticsMat.mat using Guid(b218845e158f048c78cb09bc2c407366) Importer(815301076,1909f56bfc062723c751e8b465ee728b)  -> (artifact id: 'f2177bcd49d311202ed8c27acd2eda82') in 0.043268 seconds
  Import took 0.046240 seconds .

========================================================================
Received Import Request.
  Time since last request: 0.001591 seconds.
  path: Assets/ARDK/Rendering/SRP/SemanticsMat.mat
  artifactKey: Guid(b218845e158f048c78cb09bc2c407366) Importer(815301076,1909f56bfc062723c751e8b465ee728b)
Start importing Assets/ARDK/Rendering/SRP/SemanticsMat.mat using Guid(b218845e158f048c78cb09bc2c407366) Importer(815301076,1909f56bfc062723c751e8b465ee728b)  -> (artifact id: 'f2177bcd49d311202ed8c27acd2eda82') in 0.008054 seconds
  Import took 0.010892 seconds .

========================================================================
Received Import Request.
  Time since last request: 20.728768 seconds.
  path: Assets/Materials
  artifactKey: Guid(1ad8dfb3c202b6342836f70e376714bf) Importer(815301076,1909f56bfc062723c751e8b465ee728b)
Start importing Assets/Materials using Guid(1ad8dfb3c202b6342836f70e376714bf) Importer(815301076,1909f56bfc062723c751e8b465ee728b)  -> (artifact id: '665704bb4b2de52986160934338795b3') in 0.006447 seconds
  Import took 0.009367 seconds .

========================================================================
Received Import Request.
  Time since last request: 0.000412 seconds.
  path: Assets/Materials
  artifactKey: Guid(1ad8dfb3c202b6342836f70e376714bf) Importer(815301076,1909f56bfc062723c751e8b465ee728b)
Start importing Assets/Materials using Guid(1ad8dfb3c202b6342836f70e376714bf) Importer(815301076,1909f56bfc062723c751e8b465ee728b)  -> (artifact id: '665704bb4b2de52986160934338795b3') in 0.002564 seconds
  Import took 0.005215 seconds .

========================================================================
Received Import Request.
  Time since last request: 9.732758 seconds.
  path: Assets/Materials/CampusMap.mat
  artifactKey: Guid(ad103c5a70942eb44a63773a9167e6c8) Importer(815301076,1909f56bfc062723c751e8b465ee728b)
Start importing Assets/Materials/CampusMap.mat using Guid(ad103c5a70942eb44a63773a9167e6c8) Importer(815301076,1909f56bfc062723c751e8b465ee728b)  -> (artifact id: 'cf1dc8fceb36c7e3dd8872a229e97e29') in 0.012509 seconds
  Import took 0.015428 seconds .

========================================================================
Received Import Request.
  Time since last request: 76.428384 seconds.
  path: Assets/Graphics/Campus.fbx
  artifactKey: Guid(83199edaffe4c23408360c3db91f45b3) Importer(815301076,1909f56bfc062723c751e8b465ee728b)
Start importing Assets/Graphics/Campus.fbx using Guid(83199edaffe4c23408360c3db91f45b3) Importer(815301076,1909f56bfc062723c751e8b465ee728b)  -> (artifact id: '94c45b0be93f234e48e75f2cfeabff39') in 0.047501 seconds
  Import took 0.050498 seconds .

========================================================================
Received Import Request.
  Time since last request: 43.972822 seconds.
  path: Assets/Materials/CampusMap.mat
  artifactKey: Guid(ad103c5a70942eb44a63773a9167e6c8) Importer(815301076,1909f56bfc062723c751e8b465ee728b)
Start importing Assets/Materials/CampusMap.mat using Guid(ad103c5a70942eb44a63773a9167e6c8) Importer(815301076,1909f56bfc062723c751e8b465ee728b)  -> (artifact id: '218ebf9466f96727f3fde3bfff02bac4') in 0.084051 seconds
  Import took 0.086996 seconds .

========================================================================
Received Prepare
Registering precompiled user dll's ...
Registered in 0.001827 seconds.
Begin MonoManager ReloadAssembly
Native extension for WindowsStandalone target not found
Refreshing native plugins compatible for Editor in 0.38 ms, found 0 plugins.
Preloading 0 native plugins for Editor in 0.00 ms.
Mono: successfully reloaded assembly
- Completed reload, in  0.867 seconds
Platform modules already initialized, skipping
Switching build target platform(5) subTarget(0) extendedPlatform(0) -> platform(13) subTarget(589824) extendedPlatform(0)
Refreshing native plugins compatible for Editor in 0.39 ms, found 0 plugins.
Preloading 0 native plugins for Editor in 0.00 ms.
Unloading 1838 Unused Serialized files (Serialized files now loaded: 0)
System memory in use before: 81.1 MB.
System memory in use after: 81.1 MB.

Unloading 22 unused Assets to reduce memory usage. Loaded Objects now: 2337.
Total: 2.025500 ms (FindLiveObjects: 0.192000 ms CreateObjectMapping: 0.042900 ms MarkObjects: 1.691100 ms  DeleteObjects: 0.098400 ms)

AssetImportParameters requested are different than current active one (requested -> active):
  custom:graphics/normal-map-encoding: 01000000000000000000000000000000 -> 02000000000000000000000000000000
AssetImportWorkerClient::OnTransportError - code=2 error=End of file
